<?xml version="1.0" encoding="UTF-8"?>
<!-- Generated by org.testng.reporters.JUnitReportReporter -->
<testsuite hostname="Kunwars-Air.lan" failures="0" tests="1" name="SELENIUM_PRACTICE.Login_Test" time="0.278" errors="0" timestamp="2025-02-25T14:58:37 IST" skipped="0">
  <testcase classname="SELENIUM_PRACTICE.Login_Test" name="testlogin" time="0.278"/>
</testsuite> <!-- SELENIUM_PRACTICE.Login_Test -->
